<?xml version="1.0" encoding="UTF-8"?><testsuite errors="0" failures="0" name="ODT-608-GetPrescriptionStatus" skipped="0" tests="10" time="13.21" timestamp="2021-01-21 09:31:44"><testcase name="Successful prescription status retrieval"/><testcase name="Successful prescription status retrieval using patient date of birth as access code"/><testcase name="Get prescription status request without subscription token"/><testcase name="Get prescription status request without access token"/><testcase name="Get prescription status request without prescriptionId"/><testcase name="Get prescription status request with invalid prescriptionId and access code combination (service exception)"/><testcase name="Get prescription status request with invalid prescriptionId (input exception)"/><testcase name="Get prescription status request without access code"/><testcase name="Get prescription status request without system name"/><testcase name="Get prescription status request without system version"/></testsuite>