<?xml version="1.0" encoding="UTF-8"?><testsuite errors="0" failures="2" name="ODT-612-GetPrescriptionReservationResult" skipped="0" tests="10" time="5.07" timestamp="2021-01-21 09:32:13"><testcase name="Successful Prescription Reservation"><failure message="Unexpected status code was found: 400 expected:&lt;200&gt; but was:&lt;400&gt;" type="java.lang.AssertionError">Unexpected status code was found: 400 expected:&lt;200&gt; but was:&lt;400&gt;</failure><system-err>Unexpected status code was found: 400 expected:&lt;200&gt; but was:&lt;400&gt;
validations.CommonValidations.validateResponseStatusCode(CommonValidations.java:15)
✽.the status code is 200(src/test/resources/features/prescriptionRealisation/ODT-612-GetPrescriptionReservationResult.feature:12)
</system-err></testcase><testcase name="Successful prescription reservation result retrieval"><failure message="Unexpected status code was found: 400 expected:&lt;200&gt; but was:&lt;400&gt;" type="java.lang.AssertionError">Unexpected status code was found: 400 expected:&lt;200&gt; but was:&lt;400&gt;</failure><system-err>Unexpected status code was found: 400 expected:&lt;200&gt; but was:&lt;400&gt;
validations.CommonValidations.validateResponseStatusCode(CommonValidations.java:15)
✽.the status code is 200(src/test/resources/features/prescriptionRealisation/ODT-612-GetPrescriptionReservationResult.feature:30)
</system-err></testcase><testcase name="Get prescription reservation result request without subscription token"/><testcase name="Get prescription reservation result request without access token"/><testcase name="Get prescription reservation result request without prescriptionId"/><testcase name="Get prescription reservation result request with invalid prescriptionId and access code combination (service exception)"/><testcase name="Get prescription reservation result request with invalid prescriptionId (input exception)"/><testcase name="Get prescription reservation result request without documentTechId"/><testcase name="Get prescription reservation result request without system name"/><testcase name="Get prescription reservation result request without system version"/></testsuite>