<?xml version="1.0" encoding="UTF-8"?><testsuite errors="0" failures="1" name="ODT-616-CancelPrescriptionReservation" skipped="0" tests="5" time="4.12" timestamp="2021-01-21 09:32:31"><testcase name="Successful prescription reservation and cancellation"><failure message="Unexpected status code was found: 400 expected:&lt;200&gt; but was:&lt;400&gt;" type="java.lang.AssertionError">Unexpected status code was found: 400 expected:&lt;200&gt; but was:&lt;400&gt;</failure><system-err>Unexpected status code was found: 400 expected:&lt;200&gt; but was:&lt;400&gt;
validations.CommonValidations.validateResponseStatusCode(CommonValidations.java:15)
✽.the status code is 200(src/test/resources/features/prescriptionRealisation/ODT-616-CancelPrescriptionReservation.feature:12)
</system-err></testcase><testcase name="Cancel prescription reservation without subscription token"/><testcase name="Cancel prescription reservation without access token"/><testcase name="Cancel prescription reservation without sysName"/><testcase name="Cancel prescription reservation without sysVersion"/></testsuite>