<?xml version="1.0" encoding="UTF-8"?><testsuite errors="0" failures="0" name="ODT-609-GetPrescriptionDetails" skipped="0" tests="10" time="5.6" timestamp="2021-01-21 09:31:58"><testcase name="Successful prescription details retrieval"/><testcase name="Successful prescription details retrieval using patient date of birth as access code"/><testcase name="Get prescription details request without subscription token"/><testcase name="Get prescription details request without access token"/><testcase name="Get prescription details request without prescriptionId"/><testcase name="Get prescription details request with invalid prescriptionId and access code combination (service exception)"/><testcase name="Get prescription details request with invalid prescriptionId (input exception)"/><testcase name="Get prescription details request without access code"/><testcase name="Get prescription details request without system name"/><testcase name="Get prescription details request without system version"/></testsuite>